Started GET "/" for ::1 at 2022-08-18 12:21:46 +0530
  [1m[35m (3.5ms)[0m  [1m[34mSELECT sqlite_version(*)[0m
Processing by Rails::WelcomeController#index as HTML
  Rendering /Users/vaibhavimandavia/.rvm/gems/ruby-3.0.0/gems/railties-7.0.3.1/lib/rails/templates/rails/welcome/index.html.erb
  Rendered /Users/vaibhavimandavia/.rvm/gems/ruby-3.0.0/gems/railties-7.0.3.1/lib/rails/templates/rails/welcome/index.html.erb (Duration: 5.5ms | Allocations: 751)
Completed 200 OK in 42ms (Views: 16.8ms | ActiveRecord: 0.0ms | Allocations: 7123)


Started GET "/" for ::1 at 2022-08-18 12:22:48 +0530
Processing by Rails::WelcomeController#index as HTML
  Rendering /Users/vaibhavimandavia/.rvm/gems/ruby-3.0.0/gems/railties-7.0.3.1/lib/rails/templates/rails/welcome/index.html.erb
  Rendered /Users/vaibhavimandavia/.rvm/gems/ruby-3.0.0/gems/railties-7.0.3.1/lib/rails/templates/rails/welcome/index.html.erb (Duration: 0.8ms | Allocations: 375)
Completed 200 OK in 3ms (Views: 2.1ms | ActiveRecord: 0.0ms | Allocations: 1254)


Started GET "/" for ::1 at 2022-08-18 12:22:49 +0530
Processing by Rails::WelcomeController#index as HTML
  Rendering /Users/vaibhavimandavia/.rvm/gems/ruby-3.0.0/gems/railties-7.0.3.1/lib/rails/templates/rails/welcome/index.html.erb
  Rendered /Users/vaibhavimandavia/.rvm/gems/ruby-3.0.0/gems/railties-7.0.3.1/lib/rails/templates/rails/welcome/index.html.erb (Duration: 0.1ms | Allocations: 24)
Completed 200 OK in 2ms (Views: 0.6ms | ActiveRecord: 0.0ms | Allocations: 298)


Started GET "/" for ::1 at 2022-08-18 12:22:50 +0530
Processing by Rails::WelcomeController#index as HTML
  Rendering /Users/vaibhavimandavia/.rvm/gems/ruby-3.0.0/gems/railties-7.0.3.1/lib/rails/templates/rails/welcome/index.html.erb
  Rendered /Users/vaibhavimandavia/.rvm/gems/ruby-3.0.0/gems/railties-7.0.3.1/lib/rails/templates/rails/welcome/index.html.erb (Duration: 0.1ms | Allocations: 23)
Completed 200 OK in 1ms (Views: 0.5ms | ActiveRecord: 0.0ms | Allocations: 291)


Started GET "/" for 127.0.0.1 at 2022-08-18 12:23:06 +0530
Processing by Rails::WelcomeController#index as HTML
  Rendering /Users/vaibhavimandavia/.rvm/gems/ruby-3.0.0/gems/railties-7.0.3.1/lib/rails/templates/rails/welcome/index.html.erb
  Rendered /Users/vaibhavimandavia/.rvm/gems/ruby-3.0.0/gems/railties-7.0.3.1/lib/rails/templates/rails/welcome/index.html.erb (Duration: 0.1ms | Allocations: 23)
Completed 200 OK in 2ms (Views: 0.6ms | ActiveRecord: 0.0ms | Allocations: 291)


Started GET "/" for ::1 at 2022-08-18 15:01:15 +0530
  [1m[35m (1.0ms)[0m  [1m[34mSELECT sqlite_version(*)[0m
Processing by Rails::WelcomeController#index as HTML
  Rendering /Users/vaibhavimandavia/.rvm/gems/ruby-3.0.0/gems/railties-7.0.3.1/lib/rails/templates/rails/welcome/index.html.erb
  Rendered /Users/vaibhavimandavia/.rvm/gems/ruby-3.0.0/gems/railties-7.0.3.1/lib/rails/templates/rails/welcome/index.html.erb (Duration: 1.8ms | Allocations: 644)
Completed 200 OK in 17ms (Views: 5.7ms | ActiveRecord: 0.0ms | Allocations: 5827)


Started GET "/" for ::1 at 2022-08-18 15:02:20 +0530
  [1m[35m (1.0ms)[0m  [1m[34mSELECT sqlite_version(*)[0m
Processing by Rails::WelcomeController#index as HTML
  Rendering /Users/vaibhavimandavia/.rvm/gems/ruby-3.0.0/gems/railties-7.0.3.1/lib/rails/templates/rails/welcome/index.html.erb
  Rendered /Users/vaibhavimandavia/.rvm/gems/ruby-3.0.0/gems/railties-7.0.3.1/lib/rails/templates/rails/welcome/index.html.erb (Duration: 2.2ms | Allocations: 644)
Completed 200 OK in 16ms (Views: 5.8ms | ActiveRecord: 0.0ms | Allocations: 5827)


Started GET "/todos" for ::1 at 2022-08-18 15:03:13 +0530
  
ActionController::RoutingError (uninitialized constant TodosController):
  
Started GET "/todos" for ::1 at 2022-08-18 15:04:18 +0530
  
ActionController::RoutingError (No route matches [GET] "/todos"):
  
Started GET "/todos" for ::1 at 2022-08-18 15:04:18 +0530
  
ActionController::RoutingError (No route matches [GET] "/todos"):
  
Started GET "/todos" for ::1 at 2022-08-18 15:04:19 +0530
  
ActionController::RoutingError (No route matches [GET] "/todos"):
  
Started GET "/abcd" for ::1 at 2022-08-18 15:04:30 +0530
  
ActionController::RoutingError (uninitialized constant TodosController):
  
Started GET "/todos" for ::1 at 2022-08-18 15:04:40 +0530
  
ActionController::RoutingError (uninitialized constant TodosController):
  
Started GET "/todos" for ::1 at 2022-08-18 15:07:24 +0530
  
AbstractController::ActionNotFound (The action 'index' could not be found for TodosController):
  
actionpack (7.0.3.1) lib/abstract_controller/base.rb:146:in `process'
actionview (7.0.3.1) lib/action_view/rendering.rb:39:in `process'
actionpack (7.0.3.1) lib/action_controller/metal.rb:188:in `dispatch'
actionpack (7.0.3.1) lib/action_controller/metal.rb:251:in `dispatch'
actionpack (7.0.3.1) lib/action_dispatch/routing/route_set.rb:49:in `dispatch'
actionpack (7.0.3.1) lib/action_dispatch/routing/route_set.rb:32:in `serve'
actionpack (7.0.3.1) lib/action_dispatch/journey/router.rb:50:in `block in serve'
actionpack (7.0.3.1) lib/action_dispatch/journey/router.rb:32:in `each'
actionpack (7.0.3.1) lib/action_dispatch/journey/router.rb:32:in `serve'
actionpack (7.0.3.1) lib/action_dispatch/routing/route_set.rb:852:in `call'
rack (2.2.4) lib/rack/tempfile_reaper.rb:15:in `call'
rack (2.2.4) lib/rack/etag.rb:27:in `call'
rack (2.2.4) lib/rack/conditional_get.rb:27:in `call'
rack (2.2.4) lib/rack/head.rb:12:in `call'
actionpack (7.0.3.1) lib/action_dispatch/http/permissions_policy.rb:38:in `call'
actionpack (7.0.3.1) lib/action_dispatch/http/content_security_policy.rb:36:in `call'
rack (2.2.4) lib/rack/session/abstract/id.rb:266:in `context'
rack (2.2.4) lib/rack/session/abstract/id.rb:260:in `call'
actionpack (7.0.3.1) lib/action_dispatch/middleware/cookies.rb:697:in `call'
activerecord (7.0.3.1) lib/active_record/migration.rb:603:in `call'
actionpack (7.0.3.1) lib/action_dispatch/middleware/callbacks.rb:27:in `block in call'
activesupport (7.0.3.1) lib/active_support/callbacks.rb:99:in `run_callbacks'
actionpack (7.0.3.1) lib/action_dispatch/middleware/callbacks.rb:26:in `call'
actionpack (7.0.3.1) lib/action_dispatch/middleware/executor.rb:14:in `call'
actionpack (7.0.3.1) lib/action_dispatch/middleware/actionable_exceptions.rb:17:in `call'
actionpack (7.0.3.1) lib/action_dispatch/middleware/debug_exceptions.rb:28:in `call'
web-console (4.2.0) lib/web_console/middleware.rb:132:in `call_app'
web-console (4.2.0) lib/web_console/middleware.rb:28:in `block in call'
web-console (4.2.0) lib/web_console/middleware.rb:17:in `catch'
web-console (4.2.0) lib/web_console/middleware.rb:17:in `call'
actionpack (7.0.3.1) lib/action_dispatch/middleware/show_exceptions.rb:26:in `call'
railties (7.0.3.1) lib/rails/rack/logger.rb:40:in `call_app'
railties (7.0.3.1) lib/rails/rack/logger.rb:25:in `block in call'
activesupport (7.0.3.1) lib/active_support/tagged_logging.rb:114:in `block in tagged'
activesupport (7.0.3.1) lib/active_support/tagged_logging.rb:38:in `tagged'
activesupport (7.0.3.1) lib/active_support/tagged_logging.rb:114:in `tagged'
railties (7.0.3.1) lib/rails/rack/logger.rb:25:in `call'
sprockets-rails (3.4.2) lib/sprockets/rails/quiet_assets.rb:13:in `call'
actionpack (7.0.3.1) lib/action_dispatch/middleware/remote_ip.rb:93:in `call'
actionpack (7.0.3.1) lib/action_dispatch/middleware/request_id.rb:26:in `call'
rack (2.2.4) lib/rack/method_override.rb:24:in `call'
rack (2.2.4) lib/rack/runtime.rb:22:in `call'
activesupport (7.0.3.1) lib/active_support/cache/strategy/local_cache_middleware.rb:29:in `call'
actionpack (7.0.3.1) lib/action_dispatch/middleware/server_timing.rb:20:in `call'
actionpack (7.0.3.1) lib/action_dispatch/middleware/executor.rb:14:in `call'
actionpack (7.0.3.1) lib/action_dispatch/middleware/static.rb:23:in `call'
rack (2.2.4) lib/rack/sendfile.rb:110:in `call'
actionpack (7.0.3.1) lib/action_dispatch/middleware/host_authorization.rb:137:in `call'
railties (7.0.3.1) lib/rails/engine.rb:530:in `call'
puma (5.6.4) lib/puma/configuration.rb:252:in `call'
puma (5.6.4) lib/puma/request.rb:77:in `block in handle_request'
puma (5.6.4) lib/puma/thread_pool.rb:340:in `with_force_shutdown'
puma (5.6.4) lib/puma/request.rb:76:in `handle_request'
puma (5.6.4) lib/puma/server.rb:441:in `process_client'
puma (5.6.4) lib/puma/thread_pool.rb:147:in `block in spawn_thread'
Started GET "/todos" for ::1 at 2022-08-18 15:09:06 +0530
Processing by TodosController#index as HTML
  Rendering text template
  Rendered text template (Duration: 0.0ms | Allocations: 4)
Completed 200 OK in 5ms (Views: 3.8ms | Allocations: 964)


Started GET "/todos" for ::1 at 2022-08-18 15:09:24 +0530
Processing by TodosController#index as HTML
  Rendering text template
  Rendered text template (Duration: 0.0ms | Allocations: 2)
Completed 200 OK in 2ms (Views: 0.9ms | Allocations: 690)


Started GET "/todos" for ::1 at 2022-08-18 15:10:29 +0530
Processing by TodosController#index as HTML
  Rendering text template
  Rendered text template (Duration: 0.0ms | Allocations: 2)
Completed 200 OK in 2ms (Views: 0.8ms | Allocations: 694)


Started GET "/todos" for ::1 at 2022-08-18 15:11:08 +0530
Processing by TodosController#index as HTML
Completed 500 Internal Server Error in 1ms (Allocations: 443)


  
ArgumentError (wrong number of arguments (given 1, expected 0)):
  
app/controllers/todos_controller.rb:3:in `to_s'
app/controllers/todos_controller.rb:3:in `index'
Started GET "/todos" for ::1 at 2022-08-18 15:12:07 +0530
Processing by TodosController#index as HTML
Completed 500 Internal Server Error in 1ms (Allocations: 449)


  
ArgumentError (wrong number of arguments (given 1, expected 0)):
  
app/controllers/todos_controller.rb:3:in `to_s'
app/controllers/todos_controller.rb:3:in `index'
Started GET "/todos" for ::1 at 2022-08-18 15:12:08 +0530
Processing by TodosController#index as HTML
Completed 500 Internal Server Error in 1ms (Allocations: 449)


  
ArgumentError (wrong number of arguments (given 1, expected 0)):
  
app/controllers/todos_controller.rb:3:in `to_s'
app/controllers/todos_controller.rb:3:in `index'
Started GET "/todos" for ::1 at 2022-08-18 15:12:23 +0530
Processing by TodosController#index as HTML
  Rendering text template
  Rendered text template (Duration: 0.0ms | Allocations: 2)
Completed 200 OK in 3ms (Views: 1.3ms | Allocations: 693)


Started GET "/todos" for ::1 at 2022-08-18 15:12:24 +0530
Processing by TodosController#index as HTML
  Rendering text template
  Rendered text template (Duration: 0.0ms | Allocations: 2)
Completed 200 OK in 1ms (Views: 0.4ms | Allocations: 239)


Started GET "/todos" for ::1 at 2022-08-18 15:12:25 +0530
Processing by TodosController#index as HTML
  Rendering text template
  Rendered text template (Duration: 0.0ms | Allocations: 2)
Completed 200 OK in 1ms (Views: 0.4ms | Allocations: 239)


Started GET "/todos" for ::1 at 2022-08-18 15:12:26 +0530
Processing by TodosController#index as HTML
  Rendering text template
  Rendered text template (Duration: 0.0ms | Allocations: 2)
Completed 200 OK in 1ms (Views: 0.4ms | Allocations: 239)


Started GET "/todos" for ::1 at 2022-08-18 15:12:26 +0530
Processing by TodosController#index as HTML
  Rendering text template
  Rendered text template (Duration: 0.0ms | Allocations: 2)
Completed 200 OK in 1ms (Views: 0.4ms | Allocations: 239)


Started GET "/todos" for ::1 at 2022-08-18 15:12:26 +0530
Processing by TodosController#index as HTML
  Rendering text template
  Rendered text template (Duration: 0.0ms | Allocations: 2)
Completed 200 OK in 1ms (Views: 0.4ms | Allocations: 239)


Started GET "/todos" for ::1 at 2022-08-18 15:12:26 +0530
Processing by TodosController#index as HTML
  Rendering text template
  Rendered text template (Duration: 0.0ms | Allocations: 2)
Completed 200 OK in 1ms (Views: 0.4ms | Allocations: 239)


Started GET "/todos" for ::1 at 2022-08-18 15:12:27 +0530
Processing by TodosController#index as HTML
  Rendering text template
  Rendered text template (Duration: 0.0ms | Allocations: 2)
Completed 200 OK in 1ms (Views: 0.4ms | Allocations: 239)


Started GET "/todos" for ::1 at 2022-08-18 15:12:27 +0530
Processing by TodosController#index as HTML
  Rendering text template
  Rendered text template (Duration: 0.0ms | Allocations: 2)
Completed 200 OK in 1ms (Views: 0.3ms | Allocations: 239)


Started GET "/todos" for ::1 at 2022-08-18 15:12:27 +0530
Processing by TodosController#index as HTML
  Rendering text template
  Rendered text template (Duration: 0.0ms | Allocations: 2)
Completed 200 OK in 1ms (Views: 0.5ms | Allocations: 239)


Started GET "/todos" for ::1 at 2022-08-18 15:12:53 +0530
Processing by TodosController#index as HTML
Completed 500 Internal Server Error in 1ms (Allocations: 429)


  
ArgumentError (wrong number of arguments (given 1, expected 0)):
  
app/controllers/todos_controller.rb:3:in `to_s'
app/controllers/todos_controller.rb:3:in `index'
Started GET "/todos" for ::1 at 2022-08-18 15:12:54 +0530
Processing by TodosController#index as HTML
Completed 500 Internal Server Error in 2ms (Allocations: 449)


  
ArgumentError (wrong number of arguments (given 1, expected 0)):
  
app/controllers/todos_controller.rb:3:in `to_s'
app/controllers/todos_controller.rb:3:in `index'
Started GET "/todos" for ::1 at 2022-08-18 15:21:35 +0530
Processing by TodosController#index as HTML
Completed 500 Internal Server Error in 1ms (Allocations: 429)


  
ArgumentError (wrong number of arguments (given 1, expected 0)):
  
app/controllers/todos_controller.rb:3:in `to_s'
app/controllers/todos_controller.rb:3:in `index'
Started GET "/todos" for ::1 at 2022-08-18 15:21:37 +0530
Processing by TodosController#index as HTML
Completed 500 Internal Server Error in 1ms (Allocations: 449)


  
ArgumentError (wrong number of arguments (given 1, expected 0)):
  
app/controllers/todos_controller.rb:3:in `to_s'
app/controllers/todos_controller.rb:3:in `index'
Started GET "/todos" for ::1 at 2022-08-18 15:21:37 +0530
Processing by TodosController#index as HTML
Completed 500 Internal Server Error in 2ms (Allocations: 449)


  
ArgumentError (wrong number of arguments (given 1, expected 0)):
  
app/controllers/todos_controller.rb:3:in `to_s'
app/controllers/todos_controller.rb:3:in `index'
Started GET "/todos" for ::1 at 2022-08-18 15:21:38 +0530
Processing by TodosController#index as HTML
Completed 500 Internal Server Error in 1ms (Allocations: 447)


  
ArgumentError (wrong number of arguments (given 1, expected 0)):
  
app/controllers/todos_controller.rb:3:in `to_s'
app/controllers/todos_controller.rb:3:in `index'
Started GET "/todos" for ::1 at 2022-08-18 15:21:38 +0530
Processing by TodosController#index as HTML
Completed 500 Internal Server Error in 2ms (Allocations: 447)


  
ArgumentError (wrong number of arguments (given 1, expected 0)):
  
app/controllers/todos_controller.rb:3:in `to_s'
app/controllers/todos_controller.rb:3:in `index'
Started GET "/todos" for ::1 at 2022-08-18 15:23:28 +0530
Processing by TodosController#index as HTML
  Rendering text template
  Rendered text template (Duration: 0.0ms | Allocations: 2)
Completed 200 OK in 2ms (Views: 1.1ms | Allocations: 693)


Started GET "/todos" for ::1 at 2022-08-18 15:23:46 +0530
Processing by TodosController#index as HTML
Completed 500 Internal Server Error in 1ms (Allocations: 429)


  
ArgumentError (wrong number of arguments (given 1, expected 0)):
  
app/controllers/todos_controller.rb:3:in `to_s'
app/controllers/todos_controller.rb:3:in `index'
Started GET "/todos" for ::1 at 2022-08-18 15:23:47 +0530
Processing by TodosController#index as HTML
Completed 500 Internal Server Error in 2ms (Allocations: 449)


  
ArgumentError (wrong number of arguments (given 1, expected 0)):
  
app/controllers/todos_controller.rb:3:in `to_s'
app/controllers/todos_controller.rb:3:in `index'
Started GET "/todos" for ::1 at 2022-08-18 15:25:55 +0530
Processing by TodosController#index as HTML
Completed 500 Internal Server Error in 2ms (Allocations: 429)


  
ArgumentError (wrong number of arguments (given 1, expected 0)):
  
app/controllers/todos_controller.rb:3:in `to_s'
app/controllers/todos_controller.rb:3:in `index'
Started GET "/todos" for ::1 at 2022-08-18 15:25:56 +0530
Processing by TodosController#index as HTML
Completed 500 Internal Server Error in 2ms (Allocations: 449)


  
ArgumentError (wrong number of arguments (given 1, expected 0)):
  
app/controllers/todos_controller.rb:3:in `to_s'
app/controllers/todos_controller.rb:3:in `index'
Started GET "/todos" for ::1 at 2022-08-18 15:25:57 +0530
Processing by TodosController#index as HTML
Completed 500 Internal Server Error in 2ms (Allocations: 449)


  
ArgumentError (wrong number of arguments (given 1, expected 0)):
  
app/controllers/todos_controller.rb:3:in `to_s'
app/controllers/todos_controller.rb:3:in `index'
Started GET "/todos" for ::1 at 2022-08-18 15:28:43 +0530
Processing by TodosController#index as HTML
  Rendering text template
  Rendered text template (Duration: 0.0ms | Allocations: 2)
Completed 200 OK in 3ms (Views: 1.3ms | Allocations: 695)


Started GET "/todos" for ::1 at 2022-08-18 15:31:36 +0530
Processing by TodosController#index as HTML
  Rendering text template
  Rendered text template (Duration: 0.0ms | Allocations: 2)
Completed 200 OK in 2ms (Views: 1.1ms | Allocations: 693)


Started GET "/todos" for ::1 at 2022-08-18 15:31:37 +0530
Processing by TodosController#index as HTML
  Rendering text template
  Rendered text template (Duration: 0.0ms | Allocations: 2)
Completed 200 OK in 1ms (Views: 0.4ms | Allocations: 239)


Started GET "/" for ::1 at 2022-08-18 18:16:26 +0530
  [1m[35m (1.4ms)[0m  [1m[34mSELECT sqlite_version(*)[0m
Processing by Rails::WelcomeController#index as HTML
  Rendering /Users/vaibhavimandavia/.rvm/gems/ruby-3.0.0/gems/railties-7.0.3.1/lib/rails/templates/rails/welcome/index.html.erb
  Rendered /Users/vaibhavimandavia/.rvm/gems/ruby-3.0.0/gems/railties-7.0.3.1/lib/rails/templates/rails/welcome/index.html.erb (Duration: 1.7ms | Allocations: 644)
Completed 200 OK in 13ms (Views: 4.7ms | ActiveRecord: 0.0ms | Allocations: 5826)


Started GET "/" for ::1 at 2022-08-18 20:12:20 +0530
  [1m[35m (1.4ms)[0m  [1m[34mSELECT sqlite_version(*)[0m
Processing by Rails::WelcomeController#index as HTML
  Rendering /Users/vaibhavimandavia/.rvm/gems/ruby-3.0.0/gems/railties-7.0.3.1/lib/rails/templates/rails/welcome/index.html.erb
  Rendered /Users/vaibhavimandavia/.rvm/gems/ruby-3.0.0/gems/railties-7.0.3.1/lib/rails/templates/rails/welcome/index.html.erb (Duration: 2.8ms | Allocations: 644)
Completed 200 OK in 21ms (Views: 7.8ms | ActiveRecord: 0.0ms | Allocations: 5827)


Started GET "/" for ::1 at 2022-08-18 20:12:22 +0530
Processing by Rails::WelcomeController#index as HTML
  Rendering /Users/vaibhavimandavia/.rvm/gems/ruby-3.0.0/gems/railties-7.0.3.1/lib/rails/templates/rails/welcome/index.html.erb
  Rendered /Users/vaibhavimandavia/.rvm/gems/ruby-3.0.0/gems/railties-7.0.3.1/lib/rails/templates/rails/welcome/index.html.erb (Duration: 0.9ms | Allocations: 375)
Completed 200 OK in 3ms (Views: 2.0ms | ActiveRecord: 0.0ms | Allocations: 1254)


Started GET "/todos" for ::1 at 2022-08-18 20:12:31 +0530
  
ActionController::RoutingError (No route matches [GET] "/todos"):
  
Started GET "/todos" for ::1 at 2022-08-18 20:12:45 +0530
  
ActionController::RoutingError (uninitialized constant TodosController):
  
Started GET "/todos" for ::1 at 2022-08-18 20:15:42 +0530
  
AbstractController::ActionNotFound (The action 'index' could not be found for TodosController):
  
actionpack (7.0.3.1) lib/abstract_controller/base.rb:146:in `process'
actionview (7.0.3.1) lib/action_view/rendering.rb:39:in `process'
actionpack (7.0.3.1) lib/action_controller/metal.rb:188:in `dispatch'
actionpack (7.0.3.1) lib/action_controller/metal.rb:251:in `dispatch'
actionpack (7.0.3.1) lib/action_dispatch/routing/route_set.rb:49:in `dispatch'
actionpack (7.0.3.1) lib/action_dispatch/routing/route_set.rb:32:in `serve'
actionpack (7.0.3.1) lib/action_dispatch/journey/router.rb:50:in `block in serve'
actionpack (7.0.3.1) lib/action_dispatch/journey/router.rb:32:in `each'
actionpack (7.0.3.1) lib/action_dispatch/journey/router.rb:32:in `serve'
actionpack (7.0.3.1) lib/action_dispatch/routing/route_set.rb:852:in `call'
rack (2.2.4) lib/rack/tempfile_reaper.rb:15:in `call'
rack (2.2.4) lib/rack/etag.rb:27:in `call'
rack (2.2.4) lib/rack/conditional_get.rb:27:in `call'
rack (2.2.4) lib/rack/head.rb:12:in `call'
actionpack (7.0.3.1) lib/action_dispatch/http/permissions_policy.rb:38:in `call'
actionpack (7.0.3.1) lib/action_dispatch/http/content_security_policy.rb:36:in `call'
rack (2.2.4) lib/rack/session/abstract/id.rb:266:in `context'
rack (2.2.4) lib/rack/session/abstract/id.rb:260:in `call'
actionpack (7.0.3.1) lib/action_dispatch/middleware/cookies.rb:697:in `call'
activerecord (7.0.3.1) lib/active_record/migration.rb:603:in `call'
actionpack (7.0.3.1) lib/action_dispatch/middleware/callbacks.rb:27:in `block in call'
activesupport (7.0.3.1) lib/active_support/callbacks.rb:99:in `run_callbacks'
actionpack (7.0.3.1) lib/action_dispatch/middleware/callbacks.rb:26:in `call'
actionpack (7.0.3.1) lib/action_dispatch/middleware/executor.rb:14:in `call'
actionpack (7.0.3.1) lib/action_dispatch/middleware/actionable_exceptions.rb:17:in `call'
actionpack (7.0.3.1) lib/action_dispatch/middleware/debug_exceptions.rb:28:in `call'
web-console (4.2.0) lib/web_console/middleware.rb:132:in `call_app'
web-console (4.2.0) lib/web_console/middleware.rb:28:in `block in call'
web-console (4.2.0) lib/web_console/middleware.rb:17:in `catch'
web-console (4.2.0) lib/web_console/middleware.rb:17:in `call'
actionpack (7.0.3.1) lib/action_dispatch/middleware/show_exceptions.rb:26:in `call'
railties (7.0.3.1) lib/rails/rack/logger.rb:40:in `call_app'
railties (7.0.3.1) lib/rails/rack/logger.rb:25:in `block in call'
activesupport (7.0.3.1) lib/active_support/tagged_logging.rb:114:in `block in tagged'
activesupport (7.0.3.1) lib/active_support/tagged_logging.rb:38:in `tagged'
activesupport (7.0.3.1) lib/active_support/tagged_logging.rb:114:in `tagged'
railties (7.0.3.1) lib/rails/rack/logger.rb:25:in `call'
sprockets-rails (3.4.2) lib/sprockets/rails/quiet_assets.rb:13:in `call'
actionpack (7.0.3.1) lib/action_dispatch/middleware/remote_ip.rb:93:in `call'
actionpack (7.0.3.1) lib/action_dispatch/middleware/request_id.rb:26:in `call'
rack (2.2.4) lib/rack/method_override.rb:24:in `call'
rack (2.2.4) lib/rack/runtime.rb:22:in `call'
activesupport (7.0.3.1) lib/active_support/cache/strategy/local_cache_middleware.rb:29:in `call'
actionpack (7.0.3.1) lib/action_dispatch/middleware/server_timing.rb:20:in `call'
actionpack (7.0.3.1) lib/action_dispatch/middleware/executor.rb:14:in `call'
actionpack (7.0.3.1) lib/action_dispatch/middleware/static.rb:23:in `call'
rack (2.2.4) lib/rack/sendfile.rb:110:in `call'
actionpack (7.0.3.1) lib/action_dispatch/middleware/host_authorization.rb:137:in `call'
railties (7.0.3.1) lib/rails/engine.rb:530:in `call'
puma (5.6.4) lib/puma/configuration.rb:252:in `call'
puma (5.6.4) lib/puma/request.rb:77:in `block in handle_request'
puma (5.6.4) lib/puma/thread_pool.rb:340:in `with_force_shutdown'
puma (5.6.4) lib/puma/request.rb:76:in `handle_request'
puma (5.6.4) lib/puma/server.rb:441:in `process_client'
puma (5.6.4) lib/puma/thread_pool.rb:147:in `block in spawn_thread'
Started GET "/todos" for ::1 at 2022-08-18 20:17:05 +0530
Processing by TodosController#index as HTML
  Rendering text template
  Rendered text template (Duration: 0.0ms | Allocations: 4)
Completed 200 OK in 5ms (Views: 3.2ms | Allocations: 876)


Started GET "/todos" for ::1 at 2022-08-18 20:17:39 +0530
Processing by TodosController#index as HTML
Completed 500 Internal Server Error in 4ms (Allocations: 1677)


  
NoMethodError (undefined method `to_formatted_string' for Thu, 18 Aug 2022 20:17:39 +0530:DateTime
Did you mean?  to_formatted_s):
  
app/controllers/todos_controller.rb:3:in `index'
Started GET "/todos" for ::1 at 2022-08-18 20:17:50 +0530
Processing by TodosController#index as HTML
  Rendering text template
  Rendered text template (Duration: 0.0ms | Allocations: 2)
Completed 200 OK in 2ms (Views: 1.1ms | Allocations: 694)


Started GET "/todos" for ::1 at 2022-08-18 20:20:54 +0530
Processing by TodosController#index as HTML
  Rendering text template
  Rendered text template (Duration: 0.0ms | Allocations: 2)
Completed 200 OK in 1ms (Views: 0.5ms | Allocations: 239)


Started GET "/todos" for ::1 at 2022-08-18 20:20:55 +0530
Processing by TodosController#index as HTML
  Rendering text template
  Rendered text template (Duration: 0.0ms | Allocations: 2)
Completed 200 OK in 1ms (Views: 0.4ms | Allocations: 239)


